<?xml version="1.0" encoding="UTF-8" ?>
<testsuite tests="5" failures="0" name="BankAccountTest" time="0.046" errors="0" skipped="0">
  <properties>
[...]
</properties>
  <testcase classname="BankAccountTest" name="testGetBalance" time="0.043"/>
  <testcase classname="BankAccountTest" name="testWithdrawOne" time="0"/>
  <testcase classname="BankAccountTest" name="testWithdrawTwo" time="0.001"/>
  <testcase classname="BankAccountTest" name="testDeposit" time="0.002"/>
  <testcase classname="BankAccountTest" name="testTransfer" time="0"/>
</testsuite>